[0mGET /favicon.ico [33m404[0m 52.930 ms - 150[0m
[0mGET /assets/dist/js/toastr.js.map [33m404[0m 16.924 ms - 167[0m
[0mGET /assets/plugins/dataTables/pdfmake.min.js.map [33m404[0m 29.303 ms - 183[0m
[0mGET /assets/bootstrap/css/bootstrap.min.css.map [33m404[0m 10.594 ms - 181[0m
[0mGET /assets/bootstrap/css/bootstrap.min.css.map [33m404[0m 13.313 ms - 181[0m
[0mGET /assets/bootstrap/css/bootstrap.min.css.map [33m404[0m 12.593 ms - 181[0m
[0mGET /complaint/view-complaint [36m304[0m 53.892 ms - -[0m
[0mGET /assets/bootstrap/css/bootstrap.min.css.map [33m404[0m 14.817 ms - 181[0m
[0mGET /assets/bootstrap/css/bootstrap.min.css.map [33m404[0m 17.214 ms - 181[0m
[0mGET /complaint/assets/dist/img/basketball-jersey.png [33m404[0m 16.715 ms - 186[0m
[0mGET /complaint/assets/dist/img/shirt.png [33m404[0m 25.600 ms - 174[0m
[0mGET /complaint/assets/dist/img/football.png [33m404[0m 36.269 ms - 177[0m
[0mGET /assets/bootstrap/css/bootstrap.min.css.map [33m404[0m 33.820 ms - 181[0m
[0mGET /assets/bootstrap/css/bootstrap.min.css.map [33m404[0m 18.993 ms - 181[0m
[0mGET /assets/bootstrap/css/bootstrap.min.css.map [33m404[0m 29.966 ms - 181[0m
[0mGET /assets/plugins/dataTables/jszip.min.js [33m404[0m 35.994 ms - 177[0m
[0mGET /complaint/assets/dist/img/shoe.png [33m404[0m 25.582 ms - 173[0m
[0mGET /complaint/assets/dist/img/avatar.png [33m404[0m 57.771 ms - 175[0m
[0mGET /complaint/assets/dist/img/avatar4.png [33m404[0m 40.991 ms - 176[0m
[0mGET /complaint/assets/dist/img/avatar3.png [33m404[0m 66.935 ms - 176[0m
[0mGET /complaint/assets/dist/img/avatar5.png [33m404[0m 54.559 ms - 176[0m
[0mGET /complaint/assets/dist/img/avatar2.png [33m404[0m 66.671 ms - 176[0m
[0mGET /assets/dist/js/toastr.js.map [33m404[0m 23.989 ms - 167[0m
[0mGET /assets/plugins/dataTables/pdfmake.min.js.map [33m404[0m 7.071 ms - 183[0m
[0mGET /complaint/view-complaint [0m-[0m - ms - -[0m
[0mGET /complaint/view-complaint [32m200[0m 50.763 ms - 50611[0m
[0mGET /assets/bootstrap/css/bootstrap.min.css.map [33m404[0m 11.034 ms - 181[0m
[0mGET /complaint/view-complaint [0m-[0m - ms - -[0m
[0mGET /complaint/view-complaint [0m-[0m - ms - -[0m
[0mGET /complaint/view-complaint [32m200[0m 35.885 ms - 50611[0m
[0mGET /complaint/assets/dist/img/basketball-jersey.png [33m404[0m 20.634 ms - 186[0m
[0mGET /complaint/assets/dist/img/shirt.png [33m404[0m 28.610 ms - 174[0m
[0mGET /complaint/assets/dist/img/football.png [33m404[0m 41.570 ms - 177[0m
[0mGET /assets/bootstrap/css/bootstrap.min.css.map [33m404[0m 17.466 ms - 181[0m
[0mGET /assets/bootstrap/css/bootstrap.min.css.map [33m404[0m 8.540 ms - 181[0m
[0mGET /assets/plugins/dataTables/jszip.min.js [33m404[0m 12.202 ms - 177[0m
[0mGET /assets/bootstrap/css/bootstrap.min.css.map [33m404[0m 21.068 ms - 181[0m
[0mGET /complaint/assets/dist/img/avatar.png [33m404[0m 36.052 ms - 175[0m
[0mGET /complaint/assets/dist/img/shoe.png [33m404[0m 46.191 ms - 173[0m
[0mGET /complaint/assets/dist/img/avatar5.png [33m404[0m 40.694 ms - 176[0m
[0mGET /complaint/assets/dist/img/avatar4.png [33m404[0m 53.813 ms - 176[0m
[0mGET /complaint/assets/dist/img/avatar2.png [33m404[0m 44.752 ms - 176[0m
[0mGET /complaint/assets/dist/img/avatar3.png [33m404[0m 48.290 ms - 176[0m
[0mGET /assets/dist/js/toastr.js.map [33m404[0m 11.287 ms - 167[0m
[0mGET /assets/plugins/dataTables/pdfmake.min.js.map [33m404[0m 5.364 ms - 183[0m
[0mGET /complaint/view-complaint [36m304[0m 22.856 ms - -[0m
[0mGET /complaint/assets/dist/img/basketball-jersey.png [33m404[0m 11.381 ms - 186[0m
[0mGET /complaint/assets/dist/img/football.png [33m404[0m 74.886 ms - 177[0m
[0mGET /complaint/assets/dist/img/shirt.png [33m404[0m 50.654 ms - 174[0m
[0mGET /assets/bootstrap/css/bootstrap.min.css.map [33m404[0m 26.072 ms - 181[0m
[0mGET /assets/bootstrap/css/bootstrap.min.css.map [33m404[0m 30.292 ms - 181[0m
[0mGET /assets/dist/js/toastr.js.map [33m404[0m 43.696 ms - 167[0m
[0mGET /assets/plugins/dataTables/jszip.min.js [33m404[0m 37.585 ms - 177[0m
[0mGET /assets/bootstrap/css/bootstrap.min.css.map [33m404[0m 40.406 ms - 181[0m
[0mGET /complaint/assets/dist/img/shoe.png [33m404[0m 48.501 ms - 173[0m
[0mGET /complaint/assets/dist/img/avatar2.png [33m404[0m 55.334 ms - 176[0m
[0mGET /complaint/assets/dist/img/avatar.png [33m404[0m 70.083 ms - 175[0m
[0mGET /complaint/assets/dist/img/avatar3.png [33m404[0m 73.192 ms - 176[0m
[0mGET /complaint/assets/dist/img/avatar5.png [33m404[0m 78.080 ms - 176[0m
[0mGET /complaint/assets/dist/img/avatar4.png [33m404[0m 92.523 ms - 176[0m
[0mGET /assets/plugins/dataTables/pdfmake.min.js.map [33m404[0m 31.281 ms - 183[0m
[0mGET /complaint/view-complaint [32m200[0m 75.370 ms - 50790[0m
[0mGET /complaint/assets/dist/img/basketball-jersey.png [33m404[0m 30.579 ms - 186[0m
[0mGET /complaint/assets/dist/img/shirt.png [33m404[0m 43.624 ms - 174[0m
[0mGET /assets/bootstrap/css/bootstrap.min.css.map [33m404[0m 60.834 ms - 181[0m
[0mGET /complaint/assets/dist/img/football.png [33m404[0m 53.381 ms - 177[0m
[0mGET /assets/dist/js/moment.min.js [33m404[0m 39.630 ms - 167[0m
[0mGET /assets/bootstrap/css/bootstrap.min.css.map [33m404[0m 30.524 ms - 181[0m
[0mGET /assets/plugins/dataTables/jszip.min.js [33m404[0m 27.284 ms - 177[0m
[0mGET /assets/dist/js/toastr.js.map [33m404[0m 30.652 ms - 167[0m
[0mGET /complaint/assets/dist/img/avatar.png [33m404[0m 50.308 ms - 175[0m
[0mGET /complaint/assets/dist/img/shoe.png [33m404[0m 58.635 ms - 173[0m
[0mGET /complaint/assets/dist/img/avatar4.png [33m404[0m 46.166 ms - 176[0m
[0mGET /complaint/assets/dist/img/avatar3.png [33m404[0m 56.926 ms - 176[0m
[0mGET /complaint/assets/dist/img/avatar2.png [33m404[0m 58.011 ms - 176[0m
[0mGET /complaint/assets/dist/img/avatar5.png [33m404[0m 34.174 ms - 176[0m
[0mGET /assets/plugins/dataTables/pdfmake.min.js.map [33m404[0m 14.409 ms - 183[0m
[0mGET /admission/admission [0m-[0m - ms - -[0m
[0mGET /logout [36m302[0m 18.891 ms - 46[0m
[0mGET / [32m200[0m 11.137 ms - 4408[0m
[0mGET /assets/bootstrap/css/bootstrap.min.css.map [33m404[0m 9.746 ms - 181[0m
[0mPOST / [36m302[0m 120.460 ms - 84[0m
[0mGET /admission/admission [32m200[0m 16.370 ms - 65077[0m
[0mGET /assets/bootstrap/css/bootstrap.min.css.map [33m404[0m 7.204 ms - 181[0m
[0mGET /admission/assets/dist/img/shirt.png [33m404[0m 13.074 ms - 174[0m
[0mGET /admission/assets/dist/img/basketball-jersey.png [33m404[0m 16.113 ms - 186[0m
[0mGET /admission/assets/dist/img/football.png [33m404[0m 19.377 ms - 177[0m
[0mGET /assets/bootstrap/css/bootstrap.min.css.map [33m404[0m 27.579 ms - 181[0m
[0mGET /assets/dist/js/moment.min.js [33m404[0m 20.689 ms - 167[0m
[0mGET /assets/bootstrap/css/bootstrap.min.css.map [33m404[0m 16.315 ms - 181[0m
[0mGET /assets/plugins/dataTables/jszip.min.js [33m404[0m 15.352 ms - 177[0m
[0mGET /admission/assets/dist/img/avatar.png [33m404[0m 54.824 ms - 175[0m
[0mGET /admission/assets/dist/img/avatar2.png [33m404[0m 56.518 ms - 176[0m
[0mGET /admission/assets/dist/img/shoe.png [33m404[0m 55.157 ms - 173[0m
[0mGET /admission/assets/dist/img/avatar3.png [33m404[0m 31.284 ms - 176[0m
[0mGET /admission/assets/dist/img/avatar4.png [33m404[0m 36.263 ms - 176[0m
[0mGET /admission/assets/dist/img/avatar5.png [33m404[0m 35.321 ms - 176[0m
[0mGET /assets/dist/js/toastr.js.map [33m404[0m 4.647 ms - 167[0m
[0mGET /assets/plugins/dataTables/pdfmake.min.js.map [33m404[0m 4.626 ms - 183[0m
[0mGET /admission/admission [36m304[0m 39.634 ms - -[0m
[0mGET /admission/assets/dist/img/basketball-jersey.png [33m404[0m 22.288 ms - 186[0m
[0mGET /admission/assets/dist/img/shirt.png [33m404[0m 31.644 ms - 174[0m
[0mGET /admission/assets/dist/img/football.png [33m404[0m 32.797 ms - 177[0m
[0mGET /assets/bootstrap/css/bootstrap.min.css.map [33m404[0m 30.438 ms - 181[0m
[0mGET /assets/dist/js/moment.min.js [33m404[0m 36.618 ms - 167[0m
[0mGET /assets/bootstrap/css/bootstrap.min.css.map [33m404[0m 34.603 ms - 181[0m
[0mGET /assets/plugins/dataTables/jszip.min.js [33m404[0m 18.694 ms - 177[0m
[0mGET /admission/assets/dist/img/avatar2.png [33m404[0m 54.678 ms - 176[0m
[0mGET /admission/assets/dist/img/shoe.png [33m404[0m 42.948 ms - 173[0m
[0mGET /admission/assets/dist/img/avatar.png [33m404[0m 53.167 ms - 175[0m
[0mGET /assets/dist/js/toastr.js.map [33m404[0m 50.978 ms - 167[0m
[0mGET /admission/assets/dist/img/avatar3.png [33m404[0m 52.179 ms - 176[0m
[0mGET /admission/assets/dist/img/avatar4.png [33m404[0m 60.050 ms - 176[0m
[0mGET /admission/assets/dist/img/avatar5.png [33m404[0m 12.303 ms - 176[0m
[0mGET /assets/plugins/dataTables/pdfmake.min.js.map [33m404[0m 6.524 ms - 183[0m
[0mGET /admission/admission [36m304[0m 36.755 ms - -[0m
[0mGET /admission/assets/dist/img/basketball-jersey.png [33m404[0m 12.818 ms - 186[0m
[0mGET /admission/assets/dist/img/shirt.png [33m404[0m 17.168 ms - 174[0m
[0mGET /admission/assets/dist/img/football.png [33m404[0m 31.262 ms - 177[0m
[0mGET /assets/bootstrap/css/bootstrap.min.css.map [33m404[0m 40.494 ms - 181[0m
[0mGET /assets/dist/js/moment.min.js [33m404[0m 23.053 ms - 167[0m
[0mGET /assets/bootstrap/css/bootstrap.min.css.map [33m404[0m 28.766 ms - 181[0m
[0mGET /assets/dist/js/toastr.js.map [33m404[0m 17.972 ms - 167[0m
[0mGET /assets/plugins/dataTables/jszip.min.js [33m404[0m 25.385 ms - 177[0m
[0mGET /admission/assets/dist/img/shoe.png [33m404[0m 47.732 ms - 173[0m
[0mGET /admission/assets/dist/img/avatar.png [33m404[0m 49.047 ms - 175[0m
[0mGET /admission/assets/dist/img/avatar2.png [33m404[0m 61.268 ms - 176[0m
[0mGET /admission/assets/dist/img/avatar5.png [33m404[0m 46.497 ms - 176[0m
[0mGET /admission/assets/dist/img/avatar4.png [33m404[0m 67.779 ms - 176[0m
[0mGET /admission/assets/dist/img/avatar3.png [33m404[0m 63.495 ms - 176[0m
[0mGET /assets/plugins/dataTables/pdfmake.min.js.map [33m404[0m 18.079 ms - 183[0m
[0mGET /admission/admission [36m304[0m 39.137 ms - -[0m
[0mGET /admission/assets/dist/img/basketball-jersey.png [33m404[0m 20.930 ms - 186[0m
[0mGET /admission/assets/dist/img/shirt.png [33m404[0m 31.547 ms - 174[0m
[0mGET /assets/bootstrap/css/bootstrap.min.css.map [33m404[0m 29.163 ms - 181[0m
[0mGET /admission/assets/dist/img/football.png [33m404[0m 55.193 ms - 177[0m
[0mGET /assets/dist/js/moment.min.js [33m404[0m 65.738 ms - 167[0m
[0mGET /assets/bootstrap/css/bootstrap.min.css.map [33m404[0m 27.161 ms - 181[0m
[0mGET /assets/dist/js/toastr.js.map [33m404[0m 30.284 ms - 167[0m
[0mGET /assets/plugins/dataTables/jszip.min.js [33m404[0m 24.874 ms - 177[0m
[0mGET /admission/assets/dist/img/shoe.png [33m404[0m 32.927 ms - 173[0m
[0mGET /admission/assets/dist/img/avatar.png [33m404[0m 34.811 ms - 175[0m
[0mGET /admission/assets/dist/img/avatar2.png [33m404[0m 45.075 ms - 176[0m
[0mGET /admission/assets/dist/img/avatar3.png [33m404[0m 41.579 ms - 176[0m
[0mGET /admission/assets/dist/img/avatar4.png [33m404[0m 43.974 ms - 176[0m
[0mGET /assets/plugins/dataTables/pdfmake.min.js.map [33m404[0m 36.785 ms - 183[0m
[0mGET /admission/assets/dist/img/avatar5.png [33m404[0m 39.413 ms - 176[0m
[0mGET /admission/admission [32m200[0m 113.329 ms - 65008[0m
[0mGET /admission/assets/dist/img/basketball-jersey.png [33m404[0m 20.165 ms - 186[0m
[0mGET /admission/assets/dist/img/shirt.png [33m404[0m 36.719 ms - 174[0m
[0mGET /admission/assets/dist/img/football.png [33m404[0m 72.766 ms - 177[0m
[0mGET /assets/dist/js/moment.min.js [33m404[0m 86.242 ms - 167[0m
[0mGET /assets/bootstrap/css/bootstrap.min.css.map [33m404[0m 47.715 ms - 181[0m
[0mGET /assets/bootstrap/css/bootstrap.min.css.map [33m404[0m 23.817 ms - 181[0m
[0mGET /assets/dist/js/toastr.js.map [33m404[0m 36.556 ms - 167[0m
[0mGET /assets/plugins/dataTables/jszip.min.js [33m404[0m 28.794 ms - 177[0m
[0mGET /assets/bootstrap/css/bootstrap.min.css.map [33m404[0m 29.587 ms - 181[0m
[0mGET /assets/plugins/dataTables/pdfmake.min.js.map [33m404[0m 68.834 ms - 183[0m
[0mGET /admission/assets/dist/img/avatar2.png [33m404[0m 57.342 ms - 176[0m
[0mGET /admission/assets/dist/img/avatar.png [33m404[0m 57.123 ms - 175[0m
[0mGET /admission/assets/dist/img/shoe.png [33m404[0m 70.917 ms - 173[0m
[0mGET /admission/assets/dist/img/avatar4.png [33m404[0m 69.582 ms - 176[0m
[0mGET /admission/assets/dist/img/avatar3.png [33m404[0m 69.780 ms - 176[0m
[0mGET /admission/assets/dist/img/avatar5.png [33m404[0m 33.038 ms - 176[0m
[0mGET /admission/admission [32m200[0m 34.272 ms - 65008[0m
[0mGET /assets/bootstrap/css/bootstrap.min.css.map [33m404[0m 15.725 ms - 181[0m
[0mGET /admission/assets/dist/img/basketball-jersey.png [33m404[0m 6.004 ms - 186[0m
[0mGET /admission/assets/dist/img/shirt.png [33m404[0m 43.219 ms - 174[0m
[0mGET /assets/dist/js/moment.min.js [33m404[0m 32.215 ms - 167[0m
[0mGET /admission/assets/dist/img/football.png [33m404[0m 49.894 ms - 177[0m
[0mGET /assets/bootstrap/css/bootstrap.min.css.map [33m404[0m 35.274 ms - 181[0m
[0mGET /assets/plugins/dataTables/jszip.min.js [33m404[0m 16.050 ms - 177[0m
[0mGET /assets/dist/js/toastr.js.map [33m404[0m 29.581 ms - 167[0m
[0mGET /admission/assets/dist/img/shoe.png [33m404[0m 48.646 ms - 173[0m
[0mGET /admission/assets/dist/img/avatar.png [33m404[0m 39.742 ms - 175[0m
[0mGET /admission/assets/dist/img/avatar2.png [33m404[0m 40.699 ms - 176[0m
[0mGET /admission/assets/dist/img/avatar3.png [33m404[0m 33.121 ms - 176[0m
[0mGET /admission/assets/dist/img/avatar4.png [33m404[0m 30.759 ms - 176[0m
[0mGET /admission/assets/dist/img/avatar5.png [33m404[0m 34.458 ms - 176[0m
[0mGET /assets/plugins/dataTables/pdfmake.min.js.map [33m404[0m 10.165 ms - 183[0m
[0mGET /admission/admission [36m304[0m 87.247 ms - -[0m
[0mGET /admission/assets/dist/img/basketball-jersey.png [33m404[0m 63.764 ms - 186[0m
[0mGET /assets/bootstrap/css/bootstrap.min.css.map [33m404[0m 103.671 ms - 181[0m
[0mGET /admission/assets/dist/img/shirt.png [33m404[0m 125.662 ms - 174[0m
[0mGET /admission/assets/dist/img/football.png [33m404[0m 121.186 ms - 177[0m
[0mGET /assets/bootstrap/css/bootstrap.min.css.map [33m404[0m 26.002 ms - 181[0m
[0mGET /assets/bootstrap/css/bootstrap.min.css.map [33m404[0m 39.511 ms - 181[0m
[0mGET /assets/plugins/dataTables/jszip.min.js [33m404[0m 39.106 ms - 177[0m
[0mGET /assets/dist/js/toastr.js.map [33m404[0m 38.001 ms - 167[0m
[0mGET /admission/assets/dist/img/shoe.png [33m404[0m 41.973 ms - 173[0m
[0mGET /admission/assets/dist/img/avatar.png [33m404[0m 54.036 ms - 175[0m
[0mGET /admission/assets/dist/img/avatar2.png [33m404[0m 57.841 ms - 176[0m
[0mGET /admission/assets/dist/img/avatar3.png [33m404[0m 64.273 ms - 176[0m
[0mGET /admission/assets/dist/img/avatar5.png [33m404[0m 49.268 ms - 176[0m
[0mGET /admission/assets/dist/img/avatar4.png [33m404[0m 70.296 ms - 176[0m
[0mGET /assets/plugins/dataTables/pdfmake.min.js.map [33m404[0m 19.523 ms - 183[0m
[0mGET /assets/plugins/dataTables/jszip.min.js [33m404[0m 12.623 ms - 177[0m
[0mGET /admission/admission [32m200[0m 41.309 ms - 65017[0m
[0mGET /admission/assets/dist/img/basketball-jersey.png [33m404[0m 18.039 ms - 186[0m
[0mGET /admission/assets/dist/img/shirt.png [33m404[0m 63.000 ms - 174[0m
[0mGET /admission/assets/dist/img/football.png [33m404[0m 34.356 ms - 177[0m
[0mGET /assets/bootstrap/css/bootstrap.min.css.map [33m404[0m 37.661 ms - 181[0m
[0mGET /assets/bootstrap/css/bootstrap.min.css.map [33m404[0m 22.751 ms - 181[0m
[0mGET /admission/assets/dist/img/shoe.png [33m404[0m 26.652 ms - 173[0m
[0mGET /admission/assets/dist/img/avatar.png [33m404[0m 25.039 ms - 175[0m
[0mGET /admission/assets/dist/img/avatar2.png [33m404[0m 43.766 ms - 176[0m
[0mGET /admission/assets/dist/img/avatar4.png [33m404[0m 41.733 ms - 176[0m
[0mGET /admission/assets/dist/img/avatar3.png [33m404[0m 47.532 ms - 176[0m
[0mGET /assets/bootstrap/css/bootstrap.min.css.map [33m404[0m 55.704 ms - 181[0m
[0mGET /admission/assets/dist/img/avatar5.png [33m404[0m 36.991 ms - 176[0m
[0mGET /assets/dist/js/toastr.js.map [33m404[0m 28.256 ms - 167[0m
[0mGET /assets/plugins/dataTables/pdfmake.min.js.map [33m404[0m 5.516 ms - 183[0m
[0mGET /admission/admission [36m304[0m 40.618 ms - -[0m
[0mGET /admission/assets/dist/img/basketball-jersey.png [33m404[0m 26.773 ms - 186[0m
[0mGET /admission/assets/dist/img/shirt.png [33m404[0m 49.802 ms - 174[0m
[0mGET /admission/assets/dist/img/football.png [33m404[0m 34.559 ms - 177[0m
[0mGET /assets/bootstrap/css/bootstrap.min.css.map [33m404[0m 29.610 ms - 181[0m
[0mGET /assets/bootstrap/css/bootstrap.min.css.map [33m404[0m 24.835 ms - 181[0m
[0mGET /admission/assets/dist/img/avatar.png [33m404[0m 42.664 ms - 175[0m
[0mGET /admission/assets/dist/img/shoe.png [33m404[0m 44.004 ms - 173[0m
[0mGET /assets/bootstrap/css/bootstrap.min.css.map [33m404[0m 42.827 ms - 181[0m
[0mGET /admission/assets/dist/img/avatar4.png [33m404[0m 39.958 ms - 176[0m
[0mGET /admission/assets/dist/img/avatar3.png [33m404[0m 43.014 ms - 176[0m
[0mGET /admission/assets/dist/img/avatar2.png [33m404[0m 52.973 ms - 176[0m
[0mGET /admission/assets/dist/img/avatar5.png [33m404[0m 25.495 ms - 176[0m
[0mGET /assets/dist/js/toastr.js.map [33m404[0m 32.459 ms - 167[0m
[0mGET /assets/plugins/dataTables/pdfmake.min.js.map [33m404[0m 7.621 ms - 183[0m
[0mGET /admission/admission [36m304[0m 48.958 ms - -[0m
[0mGET /admission/assets/dist/img/basketball-jersey.png [33m404[0m 20.884 ms - 186[0m
[0mGET /admission/assets/dist/img/shirt.png [33m404[0m 25.234 ms - 174[0m
[0mGET /assets/bootstrap/css/bootstrap.min.css.map [33m404[0m 47.041 ms - 181[0m
[0mGET /admission/assets/dist/img/football.png [33m404[0m 47.464 ms - 177[0m
[0mGET /assets/bootstrap/css/bootstrap.min.css.map [33m404[0m 33.953 ms - 181[0m
[0mGET /assets/dist/js/toastr.js.map [33m404[0m 32.550 ms - 167[0m
[0mGET /admission/assets/dist/img/avatar.png [33m404[0m 36.640 ms - 175[0m
[0mGET /admission/assets/dist/img/avatar2.png [33m404[0m 31.929 ms - 176[0m
[0mGET /admission/assets/dist/img/shoe.png [33m404[0m 39.580 ms - 173[0m
[0mGET /admission/assets/dist/img/avatar4.png [33m404[0m 40.556 ms - 176[0m
[0mGET /admission/assets/dist/img/avatar3.png [33m404[0m 45.491 ms - 176[0m
[0mGET /admission/assets/dist/img/avatar5.png [33m404[0m 19.036 ms - 176[0m
[0mGET /assets/plugins/dataTables/pdfmake.min.js.map [33m404[0m 16.368 ms - 183[0m
[0mGET /admission/admission [36m304[0m 61.825 ms - -[0m
[0mGET /admission/assets/dist/img/basketball-jersey.png [33m404[0m 24.782 ms - 186[0m
[0mGET /admission/assets/dist/img/shirt.png [33m404[0m 26.303 ms - 174[0m
[0mGET /admission/assets/dist/img/football.png [33m404[0m 18.735 ms - 177[0m
[0mGET /assets/bootstrap/css/bootstrap.min.css.map [33m404[0m 26.085 ms - 181[0m
[0mGET /assets/bootstrap/css/bootstrap.min.css.map [33m404[0m 16.288 ms - 181[0m
[0mGET /admission/assets/dist/img/shoe.png [33m404[0m 53.471 ms - 173[0m
[0mGET /admission/assets/dist/img/avatar.png [33m404[0m 45.577 ms - 175[0m
[0mGET /admission/assets/dist/img/avatar2.png [33m404[0m 41.325 ms - 176[0m
[0mGET /admission/assets/dist/img/avatar3.png [33m404[0m 52.097 ms - 176[0m
[0mGET /admission/assets/dist/img/avatar4.png [33m404[0m 57.302 ms - 176[0m
[0mGET /admission/assets/dist/img/avatar5.png [33m404[0m 56.065 ms - 176[0m
[0mGET /assets/dist/js/toastr.js.map [33m404[0m 38.040 ms - 167[0m
[0mGET /assets/plugins/dataTables/pdfmake.min.js.map [33m404[0m 14.268 ms - 183[0m
[0mGET /admission/admission [32m200[0m 39.814 ms - 65050[0m
[0mGET /admission/assets/dist/img/basketball-jersey.png [33m404[0m 16.066 ms - 186[0m
[0mGET /admission/assets/dist/img/shirt.png [33m404[0m 25.485 ms - 174[0m
[0mGET /admission/assets/dist/img/football.png [33m404[0m 34.136 ms - 177[0m
[0mGET /assets/bootstrap/css/bootstrap.min.css.map [33m404[0m 22.981 ms - 181[0m
[0mGET /assets/bootstrap/css/bootstrap.min.css.map [33m404[0m 17.608 ms - 181[0m
[0mGET /assets/bootstrap/css/bootstrap.min.css.map [33m404[0m 17.129 ms - 181[0m
[0mGET /admission/assets/dist/img/shoe.png [33m404[0m 21.220 ms - 173[0m
[0mGET /admission/assets/dist/img/avatar.png [33m404[0m 31.746 ms - 175[0m
[0mGET /admission/assets/dist/img/avatar2.png [33m404[0m 30.570 ms - 176[0m
[0mGET /admission/assets/dist/img/avatar3.png [33m404[0m 36.305 ms - 176[0m
[0mGET /admission/assets/dist/img/avatar4.png [33m404[0m 18.405 ms - 176[0m
[0mGET /admission/assets/dist/img/avatar5.png [33m404[0m 20.034 ms - 176[0m
[0mGET /assets/dist/js/toastr.js.map [33m404[0m 5.912 ms - 167[0m
[0mGET /assets/plugins/dataTables/pdfmake.min.js.map [33m404[0m 8.062 ms - 183[0m
[0mGET /admission/admission [32m200[0m 35.918 ms - 65083[0m
[0mGET /admission/assets/dist/img/basketball-jersey.png [33m404[0m 36.643 ms - 186[0m
[0mGET /admission/assets/dist/img/shirt.png [33m404[0m 48.715 ms - 174[0m
[0mGET /admission/assets/dist/img/football.png [33m404[0m 33.524 ms - 177[0m
[0mGET /assets/bootstrap/css/bootstrap.min.css.map [33m404[0m 15.597 ms - 181[0m
[0mGET /assets/bootstrap/css/bootstrap.min.css.map [33m404[0m 44.061 ms - 181[0m
[0mGET /admission/assets/dist/img/shoe.png [33m404[0m 54.745 ms - 173[0m
[0mGET /admission/assets/dist/img/avatar2.png [33m404[0m 50.906 ms - 176[0m
[0mGET /admission/assets/dist/img/avatar.png [33m404[0m 62.778 ms - 175[0m
[0mGET /admission/assets/dist/img/avatar3.png [33m404[0m 64.923 ms - 176[0m
[0mGET /admission/assets/dist/img/avatar4.png [33m404[0m 64.809 ms - 176[0m
[0mGET /assets/bootstrap/css/bootstrap.min.css.map [33m404[0m 24.307 ms - 181[0m
[0mGET /admission/assets/dist/img/avatar5.png [33m404[0m 26.882 ms - 176[0m
[0mGET /assets/dist/js/toastr.js.map [33m404[0m 4.776 ms - 167[0m
[0mGET /assets/plugins/dataTables/pdfmake.min.js.map [33m404[0m 7.794 ms - 183[0m
[0mPOST /admission/get-admission [32m200[0m 28.660 ms - 1033[0m
[0mGET /admission/admission [32m200[0m 82.201 ms - 65083[0m
[0mGET /admission/assets/dist/img/basketball-jersey.png [33m404[0m 11.995 ms - 186[0m
[0mGET /admission/assets/dist/img/shirt.png [33m404[0m 15.778 ms - 174[0m
[0mGET /admission/assets/dist/img/football.png [33m404[0m 6.998 ms - 177[0m
[0mGET /admission/assets/dist/img/shoe.png [33m404[0m 17.006 ms - 173[0m
[0mGET /admission/assets/dist/img/avatar3.png [33m404[0m 29.302 ms - 176[0m
[0mGET /admission/assets/dist/img/avatar.png [33m404[0m 30.216 ms - 175[0m
[0mGET /admission/assets/dist/img/avatar2.png [33m404[0m 36.795 ms - 176[0m
[0mGET /admission/assets/dist/img/avatar4.png [33m404[0m 35.518 ms - 176[0m
[0mGET /admission/assets/dist/img/avatar5.png [33m404[0m 36.634 ms - 176[0m
[0mGET /assets/bootstrap/css/bootstrap.min.css.map [33m404[0m 10.308 ms - 181[0m
[0mGET /assets/bootstrap/css/bootstrap.min.css.map [33m404[0m 12.175 ms - 181[0m
[0mGET /assets/bootstrap/css/bootstrap.min.css.map [33m404[0m 9.356 ms - 181[0m
[0mGET /assets/dist/js/toastr.js.map [33m404[0m 10.953 ms - 167[0m
[0mGET /assets/plugins/dataTables/pdfmake.min.js.map [33m404[0m 8.375 ms - 183[0m
[0mPOST /admission/get-admission [32m200[0m 47.789 ms - 1033[0m
[0mGET /logout [36m302[0m 5.291 ms - 46[0m
[0mGET / [32m200[0m 5.937 ms - 4408[0m
[0mGET /assets/bootstrap/css/bootstrap.min.css.map [33m404[0m 3.113 ms - 181[0m
[0mGET /assets/bootstrap/css/bootstrap.min.css.map [33m404[0m 4.303 ms - 181[0m
[0mGET /assets/bootstrap/css/bootstrap.min.css.map [33m404[0m 2.687 ms - 181[0m
[0mGET /admission/admission [36m302[0m 3.447 ms - 46[0m
[0mGET / [36m304[0m 4.337 ms - -[0m
[0mGET /assets/bootstrap/css/bootstrap.min.css.map [33m404[0m 2.927 ms - 181[0m
[0mPOST / [36m302[0m 109.512 ms - 84[0m
[0mGET /admission/admission [32m200[0m 11.674 ms - 64304[0m
[0mGET /assets/bootstrap/css/bootstrap.min.css.map [33m404[0m 5.560 ms - 181[0m
[0mGET /admission/assets/dist/img/basketball-jersey.png [33m404[0m 26.877 ms - 186[0m
[0mGET /admission/assets/dist/img/shirt.png [33m404[0m 30.816 ms - 174[0m
[0mGET /admission/assets/dist/img/football.png [33m404[0m 34.168 ms - 177[0m
[0mGET /admission/assets/dist/img/shoe.png [33m404[0m 25.362 ms - 173[0m
[0mGET /admission/assets/dist/img/avatar.png [33m404[0m 40.355 ms - 175[0m
[0mGET /admission/assets/dist/img/avatar2.png [33m404[0m 43.412 ms - 176[0m
[0mGET /admission/assets/dist/img/avatar3.png [33m404[0m 42.693 ms - 176[0m
[0mGET /admission/assets/dist/img/avatar4.png [33m404[0m 41.992 ms - 176[0m
[0mGET /admission/assets/dist/img/avatar5.png [33m404[0m 63.306 ms - 176[0m
[0mGET /assets/bootstrap/css/bootstrap.min.css.map [33m404[0m 8.919 ms - 181[0m
[0mGET /assets/dist/js/toastr.js.map [33m404[0m 17.046 ms - 167[0m
[0mGET /assets/bootstrap/css/bootstrap.min.css.map [33m404[0m 17.130 ms - 181[0m
[0mGET /assets/plugins/dataTables/pdfmake.min.js.map [33m404[0m 2.868 ms - 183[0m
[0mPOST /admission/get-admission [32m200[0m 16.963 ms - 1033[0m
[0mGET /assets/dist/js/toastr.js.map [33m404[0m 12.505 ms - 167[0m
[0mGET /assets/plugins/dataTables/pdfmake.min.js.map [33m404[0m 12.622 ms - 183[0m
[0mGET /assets/bootstrap/css/bootstrap.min.css.map [33m404[0m 4.990 ms - 181[0m
[0mGET /assets/bootstrap/css/bootstrap.min.css.map [33m404[0m 5.162 ms - 181[0m
[0mGET /assets/bootstrap/css/bootstrap.min.css.map [33m404[0m 3.693 ms - 181[0m
[0mGET /admission/admission [32m200[0m 39.366 ms - 64304[0m
[0mGET /admission/assets/dist/img/basketball-jersey.png [33m404[0m 22.790 ms - 186[0m
[0mGET /admission/assets/dist/img/shirt.png [33m404[0m 35.333 ms - 174[0m
[0mGET /admission/assets/dist/img/football.png [33m404[0m 42.255 ms - 177[0m
[0mGET /admission/assets/dist/img/avatar.png [33m404[0m 25.484 ms - 175[0m
[0mGET /admission/assets/dist/img/shoe.png [33m404[0m 25.768 ms - 173[0m
[0mGET /admission/assets/dist/img/avatar2.png [33m404[0m 23.539 ms - 176[0m
[0mGET /admission/assets/dist/img/avatar5.png [33m404[0m 27.829 ms - 176[0m
[0mGET /admission/assets/dist/img/avatar4.png [33m404[0m 32.654 ms - 176[0m
[0mGET /admission/assets/dist/img/avatar3.png [33m404[0m 24.278 ms - 176[0m
[0mGET /assets/bootstrap/css/bootstrap.min.css.map [33m404[0m 6.449 ms - 181[0m
[0mGET /assets/bootstrap/css/bootstrap.min.css.map [33m404[0m 6.594 ms - 181[0m
[0mGET /assets/bootstrap/css/bootstrap.min.css.map [33m404[0m 5.510 ms - 181[0m
[0mGET /assets/dist/js/toastr.js.map [33m404[0m 3.703 ms - 167[0m
[0mGET /assets/plugins/dataTables/pdfmake.min.js.map [33m404[0m 6.322 ms - 183[0m
[0mPOST /admission/get-admission [32m200[0m 30.988 ms - 1033[0m
[0mGET /admission/admission [32m200[0m 40.579 ms - 64304[0m
[0mGET /admission/assets/dist/img/basketball-jersey.png [33m404[0m 18.555 ms - 186[0m
[0mGET /admission/assets/dist/img/shirt.png [33m404[0m 29.719 ms - 174[0m
[0mGET /admission/assets/dist/img/football.png [33m404[0m 17.216 ms - 177[0m
[0mGET /admission/assets/dist/img/avatar2.png [33m404[0m 23.121 ms - 176[0m
[0mGET /admission/assets/dist/img/avatar.png [33m404[0m 24.372 ms - 175[0m
[0mGET /admission/assets/dist/img/shoe.png [33m404[0m 25.222 ms - 173[0m
[0mGET /admission/assets/dist/img/avatar3.png [33m404[0m 22.854 ms - 176[0m
[0mGET /assets/bootstrap/css/bootstrap.min.css.map [33m404[0m 29.603 ms - 181[0m
[0mGET /admission/assets/dist/img/avatar4.png [33m404[0m 34.932 ms - 176[0m
[0mGET /admission/assets/dist/img/avatar5.png [33m404[0m 19.428 ms - 176[0m
[0mGET /assets/bootstrap/css/bootstrap.min.css.map [33m404[0m 15.292 ms - 181[0m
[0mGET /assets/dist/js/toastr.js.map [33m404[0m 20.962 ms - 167[0m
[0mGET /assets/plugins/dataTables/pdfmake.min.js.map [33m404[0m 15.332 ms - 183[0m
[0mGET /assets/bootstrap/css/bootstrap.min.css.map [33m404[0m 6.828 ms - 181[0m
[0mPOST /admission/get-admission [32m200[0m 31.687 ms - 1033[0m
[0mGET /admission/admission [32m200[0m 33.296 ms - 64304[0m
[0mGET /admission/assets/dist/img/basketball-jersey.png [33m404[0m 16.986 ms - 186[0m
[0mGET /admission/assets/dist/img/shirt.png [33m404[0m 24.282 ms - 174[0m
[0mGET /admission/assets/dist/img/football.png [33m404[0m 11.039 ms - 177[0m
[0mGET /assets/bootstrap/css/bootstrap.min.css.map [33m404[0m 13.970 ms - 181[0m
[0mGET /admission/assets/dist/img/avatar.png [33m404[0m 28.903 ms - 175[0m
[0mGET /admission/assets/dist/img/shoe.png [33m404[0m 22.188 ms - 173[0m
[0mGET /admission/assets/dist/img/avatar2.png [33m404[0m 27.672 ms - 176[0m
[0mGET /admission/assets/dist/img/avatar4.png [33m404[0m 18.104 ms - 176[0m
[0mGET /admission/assets/dist/img/avatar3.png [33m404[0m 34.655 ms - 176[0m
[0mGET /assets/bootstrap/css/bootstrap.min.css.map [33m404[0m 30.346 ms - 181[0m
[0mGET /admission/assets/dist/img/avatar5.png [33m404[0m 11.865 ms - 176[0m
[0mGET /assets/bootstrap/css/bootstrap.min.css.map [33m404[0m 13.061 ms - 181[0m
[0mGET /assets/dist/js/toastr.js.map [33m404[0m 7.157 ms - 167[0m
[0mGET /assets/plugins/dataTables/pdfmake.min.js.map [33m404[0m 7.321 ms - 183[0m
[0mPOST /admission/get-admission [32m200[0m 13.663 ms - 1033[0m
[0mGET /admission/admission [32m200[0m 57.118 ms - 64304[0m
[0mGET /admission/assets/dist/img/basketball-jersey.png [33m404[0m 27.707 ms - 186[0m
[0mGET /admission/assets/dist/img/shirt.png [33m404[0m 38.666 ms - 174[0m
[0mGET /admission/assets/dist/img/football.png [33m404[0m 17.746 ms - 177[0m
[0mGET /assets/bootstrap/css/bootstrap.min.css.map [33m404[0m 24.498 ms - 181[0m
[0mGET /assets/bootstrap/css/bootstrap.min.css.map [33m404[0m 15.986 ms - 181[0m
[0mGET /admission/assets/dist/img/avatar.png [33m404[0m 32.276 ms - 175[0m
[0mGET /assets/bootstrap/css/bootstrap.min.css.map [33m404[0m 34.579 ms - 181[0m
[0mGET /admission/assets/dist/img/avatar2.png [33m404[0m 34.653 ms - 176[0m
[0mGET /admission/assets/dist/img/shoe.png [33m404[0m 31.074 ms - 173[0m
[0mGET /admission/assets/dist/img/avatar3.png [33m404[0m 34.091 ms - 176[0m
[0mGET /admission/assets/dist/img/avatar4.png [33m404[0m 43.309 ms - 176[0m
[0mGET /admission/assets/dist/img/avatar5.png [33m404[0m 15.977 ms - 176[0m
[0mGET /assets/dist/js/toastr.js.map [33m404[0m 15.677 ms - 167[0m
[0mGET /assets/plugins/dataTables/pdfmake.min.js.map [33m404[0m 4.578 ms - 183[0m
[0mPOST /admission/get-admission [32m200[0m 40.245 ms - 1033[0m
[0mGET /admission/admission [32m200[0m 25.568 ms - 64304[0m
[0mGET /admission/assets/dist/img/basketball-jersey.png [33m404[0m 15.141 ms - 186[0m
[0mGET /admission/assets/dist/img/shirt.png [33m404[0m 27.793 ms - 174[0m
[0mGET /admission/assets/dist/img/football.png [33m404[0m 16.458 ms - 177[0m
[0mGET /assets/bootstrap/css/bootstrap.min.css.map [33m404[0m 8.255 ms - 181[0m
[0mGET /assets/bootstrap/css/bootstrap.min.css.map [33m404[0m 15.437 ms - 181[0m
[0mGET /admission/assets/dist/img/shoe.png [33m404[0m 22.594 ms - 173[0m
[0mGET /admission/assets/dist/img/avatar4.png [33m404[0m 27.159 ms - 176[0m
[0mGET /admission/assets/dist/img/avatar.png [33m404[0m 23.710 ms - 175[0m
[0mGET /admission/assets/dist/img/avatar2.png [33m404[0m 24.089 ms - 176[0m
[0mGET /admission/assets/dist/img/avatar3.png [33m404[0m 25.144 ms - 176[0m
[0mGET /admission/assets/dist/img/avatar5.png [33m404[0m 32.109 ms - 176[0m
[0mGET /assets/bootstrap/css/bootstrap.min.css.map [33m404[0m 17.906 ms - 181[0m
[0mGET /assets/dist/js/toastr.js.map [33m404[0m 9.506 ms - 167[0m
[0mGET /assets/plugins/dataTables/pdfmake.min.js.map [33m404[0m 4.015 ms - 183[0m
[0mPOST /admission/get-admission [32m200[0m 36.275 ms - 1033[0m
[0mGET /admission/admission [32m200[0m 40.029 ms - 64304[0m
[0mGET /admission/assets/dist/img/basketball-jersey.png [33m404[0m 23.174 ms - 186[0m
[0mGET /admission/assets/dist/img/shirt.png [33m404[0m 38.250 ms - 174[0m
[0mGET /admission/assets/dist/img/football.png [33m404[0m 16.883 ms - 177[0m
[0mGET /assets/bootstrap/css/bootstrap.min.css.map [33m404[0m 26.522 ms - 181[0m
[0mGET /admission/assets/dist/img/avatar2.png [33m404[0m 42.805 ms - 176[0m
[0mGET /admission/assets/dist/img/avatar.png [33m404[0m 50.858 ms - 175[0m
[0mGET /admission/assets/dist/img/shoe.png [33m404[0m 43.685 ms - 173[0m
[0mGET /admission/assets/dist/img/avatar3.png [33m404[0m 54.828 ms - 176[0m
[0mGET /admission/assets/dist/img/avatar4.png [33m404[0m 22.553 ms - 176[0m
[0mGET /assets/bootstrap/css/bootstrap.min.css.map [33m404[0m 19.751 ms - 181[0m
[0mGET /admission/assets/dist/img/avatar5.png [33m404[0m 21.337 ms - 176[0m
[0mGET /assets/dist/js/toastr.js.map [33m404[0m 24.754 ms - 167[0m
[0mGET /assets/bootstrap/css/bootstrap.min.css.map [33m404[0m 13.972 ms - 181[0m
[0mGET /assets/plugins/dataTables/pdfmake.min.js.map [33m404[0m 5.771 ms - 183[0m
[0mPOST /admission/get-admission [32m200[0m 25.900 ms - 1237[0m
[0mGET /admission/admission [32m200[0m 44.343 ms - 64304[0m
[0mGET /admission/assets/dist/img/basketball-jersey.png [33m404[0m 25.607 ms - 186[0m
[0mGET /admission/assets/dist/img/shirt.png [33m404[0m 40.842 ms - 174[0m
[0mGET /admission/assets/dist/img/football.png [33m404[0m 21.737 ms - 177[0m
[0mGET /admission/assets/dist/img/avatar.png [33m404[0m 53.194 ms - 175[0m
[0mGET /admission/assets/dist/img/shoe.png [33m404[0m 49.961 ms - 173[0m
[0mGET /assets/bootstrap/css/bootstrap.min.css.map [33m404[0m 57.557 ms - 181[0m
[0mGET /admission/assets/dist/img/avatar4.png [33m404[0m 59.302 ms - 176[0m
[0mGET /admission/assets/dist/img/avatar2.png [33m404[0m 49.920 ms - 176[0m
[0mGET /admission/assets/dist/img/avatar3.png [33m404[0m 65.890 ms - 176[0m
[0mGET /admission/assets/dist/img/avatar5.png [33m404[0m 17.023 ms - 176[0m
[0mGET /assets/bootstrap/css/bootstrap.min.css.map [33m404[0m 15.878 ms - 181[0m
[0mGET /assets/bootstrap/css/bootstrap.min.css.map [33m404[0m 12.616 ms - 181[0m
[0mGET /assets/dist/js/toastr.js.map [33m404[0m 7.529 ms - 167[0m
[0mGET /assets/plugins/dataTables/pdfmake.min.js.map [33m404[0m 4.266 ms - 183[0m
[0mPOST /admission/get-admission [32m200[0m 44.496 ms - 1237[0m
[0mGET /admission/admission [32m200[0m 39.136 ms - 64304[0m
[0mGET /admission/assets/dist/img/basketball-jersey.png [33m404[0m 26.928 ms - 186[0m
[0mGET /admission/assets/dist/img/shirt.png [33m404[0m 39.141 ms - 174[0m
[0mGET /admission/assets/dist/img/football.png [33m404[0m 26.521 ms - 177[0m
[0mGET /assets/bootstrap/css/bootstrap.min.css.map [33m404[0m 32.212 ms - 181[0m
[0mGET /assets/bootstrap/css/bootstrap.min.css.map [33m404[0m 39.281 ms - 181[0m
[0mGET /admission/assets/dist/img/avatar.png [33m404[0m 43.082 ms - 175[0m
[0mGET /admission/assets/dist/img/avatar2.png [33m404[0m 39.505 ms - 176[0m
[0mGET /admission/assets/dist/img/shoe.png [33m404[0m 44.534 ms - 173[0m
[0mGET /admission/assets/dist/img/avatar4.png [33m404[0m 45.697 ms - 176[0m
[0mGET /admission/assets/dist/img/avatar3.png [33m404[0m 55.033 ms - 176[0m
[0mGET /admission/assets/dist/img/avatar5.png [33m404[0m 16.661 ms - 176[0m
[0mGET /assets/dist/js/toastr.js.map [33m404[0m 18.807 ms - 167[0m
[0mGET /assets/plugins/dataTables/pdfmake.min.js.map [33m404[0m 19.156 ms - 183[0m
[0mPOST /admission/get-admission [32m200[0m 26.630 ms - 1237[0m
[0mGET /logout [36m302[0m 11.725 ms - 46[0m
[0mGET / [32m200[0m 10.910 ms - 4408[0m
[0mGET /assets/bootstrap/css/bootstrap.min.css.map [33m404[0m 4.455 ms - 181[0m
[0mGET /assets/bootstrap/css/bootstrap.min.css.map [33m404[0m 6.973 ms - 181[0m
[0mGET /assets/bootstrap/css/bootstrap.min.css.map [33m404[0m 5.442 ms - 181[0m
[0mGET /assets/bootstrap/css/bootstrap.min.css.map [33m404[0m 5.173 ms - 181[0m
[0mPOST / [36m302[0m 159.152 ms - 84[0m
[0mGET /admission/admission [32m200[0m 36.128 ms - 65083[0m
[0mGET /assets/bootstrap/css/bootstrap.min.css.map [33m404[0m 6.954 ms - 181[0m
[0mGET /admission/assets/dist/img/basketball-jersey.png [33m404[0m 7.307 ms - 186[0m
[0mGET /admission/assets/dist/img/shirt.png [33m404[0m 21.204 ms - 174[0m
[0mGET /admission/assets/dist/img/football.png [33m404[0m 16.918 ms - 177[0m
[0mGET /admission/assets/dist/img/shoe.png [33m404[0m 28.048 ms - 173[0m
[0mGET /admission/assets/dist/img/avatar2.png [33m404[0m 45.315 ms - 176[0m
[0mGET /admission/assets/dist/img/avatar3.png [33m404[0m 45.751 ms - 176[0m
[0mGET /admission/assets/dist/img/avatar.png [33m404[0m 38.959 ms - 175[0m
[0mGET /admission/assets/dist/img/avatar4.png [33m404[0m 52.029 ms - 176[0m
[0mGET /admission/assets/dist/img/avatar5.png [33m404[0m 51.527 ms - 176[0m
[0mGET /assets/bootstrap/css/bootstrap.min.css.map [33m404[0m 20.723 ms - 181[0m
[0mGET /assets/bootstrap/css/bootstrap.min.css.map [33m404[0m 6.145 ms - 181[0m
[0mGET /assets/bootstrap/css/bootstrap.min.css.map [33m404[0m 10.522 ms - 181[0m
[0mGET /assets/dist/js/toastr.js.map [33m404[0m 9.904 ms - 167[0m
[0mGET /assets/plugins/dataTables/pdfmake.min.js.map [33m404[0m 5.892 ms - 183[0m
[0mPOST /admission/get-admission [32m200[0m 14.516 ms - 1237[0m
[0mGET /admission/admission [32m200[0m 49.339 ms - 65083[0m
[0mGET /admission/assets/dist/img/basketball-jersey.png [33m404[0m 27.630 ms - 186[0m
[0mGET /admission/assets/dist/img/shirt.png [33m404[0m 39.639 ms - 174[0m
[0mGET /admission/assets/dist/img/football.png [33m404[0m 24.771 ms - 177[0m
[0mGET /assets/bootstrap/css/bootstrap.min.css.map [33m404[0m 19.419 ms - 181[0m
[0mGET /assets/bootstrap/css/bootstrap.min.css.map [33m404[0m 23.693 ms - 181[0m
[0mGET /admission/assets/dist/img/shoe.png [33m404[0m 34.929 ms - 173[0m
[0mGET /admission/assets/dist/img/avatar3.png [33m404[0m 44.653 ms - 176[0m
[0mGET /admission/assets/dist/img/avatar2.png [33m404[0m 33.558 ms - 176[0m
[0mGET /admission/assets/dist/img/avatar.png [33m404[0m 34.027 ms - 175[0m
[0mGET /admission/assets/dist/img/avatar4.png [33m404[0m 35.941 ms - 176[0m
[0mGET /admission/assets/dist/img/avatar5.png [33m404[0m 29.706 ms - 176[0m
[0mGET /assets/bootstrap/css/bootstrap.min.css.map [33m404[0m 21.296 ms - 181[0m
[0mGET /assets/dist/js/toastr.js.map [33m404[0m 10.277 ms - 167[0m
[0mGET /assets/plugins/dataTables/pdfmake.min.js.map [33m404[0m 6.738 ms - 183[0m
[0mPOST /admission/get-admission [32m200[0m 35.615 ms - 1235[0m
[0mGET /admission/admission [32m200[0m 46.428 ms - 65083[0m
[0mGET /admission/assets/dist/img/basketball-jersey.png [33m404[0m 26.598 ms - 186[0m
[0mGET /admission/assets/dist/img/shirt.png [33m404[0m 36.489 ms - 174[0m
[0mGET /admission/assets/dist/img/football.png [33m404[0m 27.716 ms - 177[0m
[0mGET /assets/bootstrap/css/bootstrap.min.css.map [33m404[0m 23.137 ms - 181[0m
[0mGET /assets/bootstrap/css/bootstrap.min.css.map [33m404[0m 17.231 ms - 181[0m
[0mGET /assets/bootstrap/css/bootstrap.min.css.map [33m404[0m 16.930 ms - 181[0m
[0mGET /admission/assets/dist/img/avatar3.png [33m404[0m 59.773 ms - 176[0m
[0mGET /admission/assets/dist/img/shoe.png [33m404[0m 59.842 ms - 173[0m
[0mGET /admission/assets/dist/img/avatar.png [33m404[0m 51.668 ms - 175[0m
[0mGET /admission/assets/dist/img/avatar5.png [33m404[0m 66.173 ms - 176[0m
[0mGET /admission/assets/dist/img/avatar2.png [33m404[0m 54.354 ms - 176[0m
[0mGET /admission/assets/dist/img/avatar4.png [33m404[0m 41.606 ms - 176[0m
[0mGET /assets/dist/js/toastr.js.map [33m404[0m 9.053 ms - 167[0m
[0mGET /assets/plugins/dataTables/pdfmake.min.js.map [33m404[0m 7.681 ms - 183[0m
[0mPOST /admission/get-admission [32m200[0m 41.229 ms - 1237[0m
[0mGET /admission/admission [32m200[0m 66.130 ms - 65083[0m
[0mGET /admission/assets/dist/img/basketball-jersey.png [33m404[0m 12.344 ms - 186[0m
[0mGET /admission/assets/dist/img/shirt.png [33m404[0m 25.211 ms - 174[0m
[0mGET /admission/assets/dist/img/football.png [33m404[0m 37.604 ms - 177[0m
[0mGET /assets/bootstrap/css/bootstrap.min.css.map [33m404[0m 15.574 ms - 181[0m
[0mGET /assets/bootstrap/css/bootstrap.min.css.map [33m404[0m 15.291 ms - 181[0m
[0mGET /assets/bootstrap/css/bootstrap.min.css.map [33m404[0m 16.685 ms - 181[0m
[0mGET /admission/assets/dist/img/shoe.png [33m404[0m 48.282 ms - 173[0m
[0mGET /admission/assets/dist/img/avatar.png [33m404[0m 49.442 ms - 175[0m
[0mGET /admission/assets/dist/img/avatar2.png [33m404[0m 37.223 ms - 176[0m
[0mGET /admission/assets/dist/img/avatar3.png [33m404[0m 39.638 ms - 176[0m
[0mGET /admission/assets/dist/img/avatar4.png [33m404[0m 18.620 ms - 176[0m
[0mGET /admission/assets/dist/img/avatar5.png [33m404[0m 21.949 ms - 176[0m
[0mGET /assets/dist/js/toastr.js.map [33m404[0m 7.185 ms - 167[0m
[0mGET /assets/plugins/dataTables/pdfmake.min.js.map [33m404[0m 8.248 ms - 183[0m
[0mPOST /admission/get-admission [32m200[0m 35.913 ms - 1213[0m
[0mGET /admission/admission [32m200[0m 98.381 ms - 65083[0m
[0mGET /admission/assets/dist/img/basketball-jersey.png [33m404[0m 27.129 ms - 186[0m
[0mGET /admission/assets/dist/img/shirt.png [33m404[0m 40.754 ms - 174[0m
[0mGET /admission/assets/dist/img/football.png [33m404[0m 30.100 ms - 177[0m
[0mGET /assets/bootstrap/css/bootstrap.min.css.map [33m404[0m 37.761 ms - 181[0m
[0mGET /assets/bootstrap/css/bootstrap.min.css.map [33m404[0m 19.744 ms - 181[0m
[0mGET /admission/assets/dist/img/avatar.png [33m404[0m 39.512 ms - 175[0m
[0mGET /admission/assets/dist/img/shoe.png [33m404[0m 40.682 ms - 173[0m
[0mGET /admission/assets/dist/img/avatar2.png [33m404[0m 64.711 ms - 176[0m
[0mGET /admission/assets/dist/img/avatar3.png [33m404[0m 54.594 ms - 176[0m
[0mGET /admission/assets/dist/img/avatar4.png [33m404[0m 63.299 ms - 176[0m
[0mGET /admission/assets/dist/img/avatar5.png [33m404[0m 47.655 ms - 176[0m
[0mGET /assets/bootstrap/css/bootstrap.min.css.map [33m404[0m 36.976 ms - 181[0m
[0mGET /assets/dist/js/toastr.js.map [33m404[0m 26.873 ms - 167[0m
[0mGET /assets/plugins/dataTables/pdfmake.min.js.map [33m404[0m 10.290 ms - 183[0m
[0mPOST /admission/get-admission [32m200[0m 48.058 ms - 1165[0m
[0mGET /assets/bootstrap/img/loading.gif [33m404[0m 10.483 ms - 171[0m
[0mGET /admission/admission [32m200[0m 35.510 ms - 65083[0m
[0mGET /admission/assets/dist/img/basketball-jersey.png [33m404[0m 20.036 ms - 186[0m
[0mGET /admission/assets/dist/img/shirt.png [33m404[0m 35.394 ms - 174[0m
[0mGET /admission/assets/dist/img/football.png [33m404[0m 19.680 ms - 177[0m
[0mGET /assets/bootstrap/css/bootstrap.min.css.map [33m404[0m 16.080 ms - 181[0m
[0mGET /admission/assets/dist/img/shoe.png [33m404[0m 37.854 ms - 173[0m
[0mGET /admission/assets/dist/img/avatar2.png [33m404[0m 34.030 ms - 176[0m
[0mGET /admission/assets/dist/img/avatar.png [33m404[0m 34.036 ms - 175[0m
[0mGET /admission/assets/dist/img/avatar4.png [33m404[0m 34.743 ms - 176[0m
[0mGET /assets/bootstrap/css/bootstrap.min.css.map [33m404[0m 44.335 ms - 181[0m
[0mGET /admission/assets/dist/img/avatar3.png [33m404[0m 44.818 ms - 176[0m
[0mGET /admission/assets/dist/img/avatar5.png [33m404[0m 15.465 ms - 176[0m
[0mGET /assets/bootstrap/css/bootstrap.min.css.map [33m404[0m 12.933 ms - 181[0m
[0mGET /assets/dist/js/toastr.js.map [33m404[0m 4.682 ms - 167[0m
[0mGET /assets/plugins/dataTables/pdfmake.min.js.map [33m404[0m 7.329 ms - 183[0m
[0mPOST /admission/get-admission [32m200[0m 25.492 ms - 1237[0m
[0mGET /assets/bootstrap/img/loading.gif [33m404[0m 45.742 ms - 171[0m
[0mGET /admission/admission [32m200[0m 29.087 ms - 65083[0m
[0mGET /admission/assets/dist/img/basketball-jersey.png [33m404[0m 15.543 ms - 186[0m
[0mGET /admission/assets/dist/img/shirt.png [33m404[0m 23.711 ms - 174[0m
[0mGET /admission/assets/dist/img/football.png [33m404[0m 17.619 ms - 177[0m
[0mGET /admission/assets/dist/img/shoe.png [33m404[0m 28.540 ms - 173[0m
[0mGET /admission/assets/dist/img/avatar.png [33m404[0m 30.272 ms - 175[0m
[0mGET /admission/assets/dist/img/avatar2.png [33m404[0m 45.410 ms - 176[0m
[0mGET /admission/assets/dist/img/avatar3.png [33m404[0m 42.463 ms - 176[0m
[0mGET /admission/assets/dist/img/avatar5.png [33m404[0m 30.718 ms - 176[0m
[0mGET /admission/assets/dist/img/avatar4.png [33m404[0m 37.167 ms - 176[0m
[0mGET /assets/bootstrap/css/bootstrap.min.css.map [33m404[0m 20.813 ms - 181[0m
[0mGET /assets/bootstrap/css/bootstrap.min.css.map [33m404[0m 6.006 ms - 181[0m
[0mGET /assets/bootstrap/css/bootstrap.min.css.map [33m404[0m 8.074 ms - 181[0m
[0mGET /assets/dist/js/toastr.js.map [33m404[0m 5.484 ms - 167[0m
[0mGET /assets/plugins/dataTables/pdfmake.min.js.map [33m404[0m 12.468 ms - 183[0m
[0mGET /admission/admission [32m200[0m 35.639 ms - 65083[0m
[0mGET /admission/assets/dist/img/basketball-jersey.png [33m404[0m 21.489 ms - 186[0m
[0mGET /admission/assets/dist/img/shirt.png [33m404[0m 33.709 ms - 174[0m
[0mGET /admission/assets/dist/img/football.png [33m404[0m 19.399 ms - 177[0m
[0mGET /admission/assets/dist/img/avatar.png [33m404[0m 41.026 ms - 175[0m
[0mGET /admission/assets/dist/img/shoe.png [33m404[0m 41.546 ms - 173[0m
[0mGET /admission/assets/dist/img/avatar2.png [33m404[0m 39.238 ms - 176[0m
[0mGET /assets/bootstrap/css/bootstrap.min.css.map [33m404[0m 45.435 ms - 181[0m
[0mGET /admission/assets/dist/img/avatar4.png [33m404[0m 48.162 ms - 176[0m
[0mGET /admission/assets/dist/img/avatar3.png [33m404[0m 55.109 ms - 176[0m
[0mGET /admission/assets/dist/img/avatar5.png [33m404[0m 12.874 ms - 176[0m
[0mGET /assets/bootstrap/css/bootstrap.min.css.map [33m404[0m 14.010 ms - 181[0m
[0mGET /assets/bootstrap/css/bootstrap.min.css.map [33m404[0m 7.070 ms - 181[0m
[0mGET /assets/dist/js/toastr.js.map [33m404[0m 4.953 ms - 167[0m
[0mGET /assets/plugins/dataTables/pdfmake.min.js.map [33m404[0m 6.098 ms - 183[0m
[0mPOST /admission/get-admission [32m200[0m 22.349 ms - 1029[0m
[0mGET /admission/admission [32m200[0m 38.704 ms - 65083[0m
[0mGET /admission/assets/dist/img/basketball-jersey.png [33m404[0m 26.965 ms - 186[0m
[0mGET /admission/assets/dist/img/shirt.png [33m404[0m 37.583 ms - 174[0m
[0mGET /admission/assets/dist/img/football.png [33m404[0m 20.305 ms - 177[0m
[0mGET /assets/bootstrap/css/bootstrap.min.css.map [33m404[0m 15.466 ms - 181[0m
[0mGET /assets/bootstrap/css/bootstrap.min.css.map [33m404[0m 36.818 ms - 181[0m
[0mGET /admission/assets/dist/img/shoe.png [33m404[0m 40.143 ms - 173[0m
[0mGET /admission/assets/dist/img/avatar2.png [33m404[0m 46.951 ms - 176[0m
[0mGET /admission/assets/dist/img/avatar.png [33m404[0m 46.055 ms - 175[0m
[0mGET /admission/assets/dist/img/avatar4.png [33m404[0m 28.241 ms - 176[0m
[0mGET /admission/assets/dist/img/avatar3.png [33m404[0m 45.602 ms - 176[0m
[0mGET /admission/assets/dist/img/avatar5.png [33m404[0m 16.030 ms - 176[0m
[0mGET /assets/bootstrap/css/bootstrap.min.css.map [33m404[0m 17.918 ms - 181[0m
[0mGET /assets/dist/js/toastr.js.map [33m404[0m 8.803 ms - 167[0m
[0mGET /assets/plugins/dataTables/pdfmake.min.js.map [33m404[0m 5.575 ms - 183[0m
[0mPOST /admission/get-admission [32m200[0m 26.384 ms - 1029[0m
[0mGET /admission/admission [32m200[0m 35.419 ms - 65035[0m
[0mGET /admission/assets/dist/img/basketball-jersey.png [33m404[0m 18.695 ms - 186[0m
[0mGET /admission/assets/dist/img/shirt.png [33m404[0m 27.126 ms - 174[0m
[0mGET /admission/assets/dist/img/football.png [33m404[0m 20.840 ms - 177[0m
[0mGET /assets/bootstrap/css/bootstrap.min.css.map [33m404[0m 19.635 ms - 181[0m
[0mGET /assets/bootstrap/css/bootstrap.min.css.map [33m404[0m 18.518 ms - 181[0m
[0mGET /admission/assets/dist/img/avatar2.png [33m404[0m 32.009 ms - 176[0m
[0mGET /admission/assets/dist/img/avatar.png [33m404[0m 30.950 ms - 175[0m
[0mGET /admission/assets/dist/img/shoe.png [33m404[0m 32.431 ms - 173[0m
[0mGET /admission/assets/dist/img/avatar4.png [33m404[0m 41.479 ms - 176[0m
[0mGET /admission/assets/dist/img/avatar3.png [33m404[0m 40.392 ms - 176[0m
[0mGET /admission/assets/dist/img/avatar5.png [33m404[0m 29.658 ms - 176[0m
[0mGET /assets/plugins/dataTables/pdfmake.min.js.map [33m404[0m 20.529 ms - 183[0m
[0mGET /assets/dist/js/toastr.js.map [33m404[0m 21.011 ms - 167[0m
[0mGET /assets/bootstrap/css/bootstrap.min.css.map [33m404[0m 26.154 ms - 181[0m
[0mGET /admission/admission [36m304[0m 28.891 ms - -[0m
[0mGET /admission/assets/dist/img/basketball-jersey.png [33m404[0m 22.037 ms - 186[0m
[0mGET /admission/assets/dist/img/shirt.png [33m404[0m 27.240 ms - 174[0m
[0mGET /admission/assets/dist/img/football.png [33m404[0m 26.008 ms - 177[0m
[0mGET /assets/bootstrap/css/bootstrap.min.css.map [33m404[0m 19.423 ms - 181[0m
[0mGET /assets/bootstrap/css/bootstrap.min.css.map [33m404[0m 19.313 ms - 181[0m
[0mGET /admission/assets/dist/img/avatar.png [33m404[0m 30.993 ms - 175[0m
[0mGET /admission/assets/dist/img/shoe.png [33m404[0m 32.207 ms - 173[0m
[0mGET /admission/assets/dist/img/avatar2.png [33m404[0m 27.265 ms - 176[0m
[0mGET /admission/assets/dist/img/avatar3.png [33m404[0m 38.675 ms - 176[0m
[0mGET /admission/assets/dist/img/avatar4.png [33m404[0m 33.321 ms - 176[0m
[0mGET /admission/assets/dist/img/avatar5.png [33m404[0m 37.088 ms - 176[0m
[0mGET /assets/bootstrap/css/bootstrap.min.css.map [33m404[0m 30.181 ms - 181[0m
[0mGET /assets/dist/js/toastr.js.map [33m404[0m 23.324 ms - 167[0m
[0mGET /assets/plugins/dataTables/pdfmake.min.js.map [33m404[0m 23.945 ms - 183[0m
[0mGET /admission/admission [32m200[0m 44.660 ms - 65018[0m
[0mGET /admission/assets/dist/img/basketball-jersey.png [33m404[0m 22.686 ms - 186[0m
[0mGET /admission/assets/dist/img/shirt.png [33m404[0m 32.415 ms - 174[0m
[0mGET /admission/assets/dist/img/football.png [33m404[0m 20.307 ms - 177[0m
[0mGET /assets/bootstrap/css/bootstrap.min.css.map [33m404[0m 15.769 ms - 181[0m
[0mGET /assets/bootstrap/css/bootstrap.min.css.map [33m404[0m 27.038 ms - 181[0m
[0mGET /admission/assets/dist/img/avatar2.png [33m404[0m 33.207 ms - 176[0m
[0mGET /admission/assets/dist/img/avatar.png [33m404[0m 37.349 ms - 175[0m
[0mGET /admission/assets/dist/img/shoe.png [33m404[0m 33.104 ms - 173[0m
[0mGET /admission/assets/dist/img/avatar3.png [33m404[0m 38.374 ms - 176[0m
[0mGET /admission/assets/dist/img/avatar4.png [33m404[0m 30.056 ms - 176[0m
[0mGET /admission/assets/dist/img/avatar5.png [33m404[0m 26.571 ms - 176[0m
[0mGET /assets/bootstrap/css/bootstrap.min.css.map [33m404[0m 28.686 ms - 181[0m
[0mGET /assets/plugins/dataTables/pdfmake.min.js.map [33m404[0m 17.964 ms - 183[0m
[0mGET /assets/dist/js/toastr.js.map [33m404[0m 30.775 ms - 167[0m
[0mGET /admission/admission [36m304[0m 42.552 ms - -[0m
[0mGET /admission/assets/dist/img/basketball-jersey.png [33m404[0m 24.500 ms - 186[0m
[0mGET /admission/assets/dist/img/shirt.png [33m404[0m 33.465 ms - 174[0m
[0mGET /admission/assets/dist/img/football.png [33m404[0m 22.901 ms - 177[0m
[0mGET /assets/bootstrap/css/bootstrap.min.css.map [33m404[0m 14.594 ms - 181[0m
[0mGET /admission/assets/dist/img/shoe.png [33m404[0m 29.745 ms - 173[0m
[0mGET /admission/assets/dist/img/avatar2.png [33m404[0m 44.266 ms - 176[0m
[0mGET /admission/assets/dist/img/avatar3.png [33m404[0m 39.894 ms - 176[0m
[0mGET /admission/assets/dist/img/avatar.png [33m404[0m 35.901 ms - 175[0m
[0mGET /assets/bootstrap/css/bootstrap.min.css.map [33m404[0m 50.786 ms - 181[0m
[0mGET /admission/assets/dist/img/avatar4.png [33m404[0m 40.846 ms - 176[0m
[0mGET /admission/assets/dist/img/avatar5.png [33m404[0m 21.326 ms - 176[0m
[0mGET /assets/dist/js/toastr.js.map [33m404[0m 18.535 ms - 167[0m
[0mGET /assets/bootstrap/css/bootstrap.min.css.map [33m404[0m 21.678 ms - 181[0m
[0mGET /assets/plugins/dataTables/pdfmake.min.js.map [33m404[0m 12.511 ms - 183[0m
[0mGET /admission/admission [36m304[0m 39.864 ms - -[0m
[0mGET /admission/assets/dist/img/basketball-jersey.png [33m404[0m 18.050 ms - 186[0m
[0mGET /admission/assets/dist/img/shirt.png [33m404[0m 22.720 ms - 174[0m
[0mGET /admission/assets/dist/img/football.png [33m404[0m 25.090 ms - 177[0m
[0mGET /assets/bootstrap/css/bootstrap.min.css.map [33m404[0m 21.742 ms - 181[0m
[0mGET /assets/bootstrap/css/bootstrap.min.css.map [33m404[0m 18.173 ms - 181[0m
[0mGET /admission/assets/dist/img/shoe.png [33m404[0m 23.544 ms - 173[0m
[0mGET /admission/assets/dist/img/avatar2.png [33m404[0m 24.427 ms - 176[0m
[0mGET /admission/assets/dist/img/avatar.png [33m404[0m 26.779 ms - 175[0m
[0mGET /admission/assets/dist/img/avatar4.png [33m404[0m 33.441 ms - 176[0m
[0mGET /admission/assets/dist/img/avatar3.png [33m404[0m 30.882 ms - 176[0m
[0mGET /admission/assets/dist/img/avatar5.png [33m404[0m 32.677 ms - 176[0m
[0mGET /assets/dist/js/toastr.js.map [33m404[0m 9.948 ms - 167[0m
[0mGET /assets/plugins/dataTables/pdfmake.min.js.map [33m404[0m 4.745 ms - 183[0m
[0mGET /logout [36m302[0m 13.677 ms - 46[0m
[0mGET / [32m200[0m 11.158 ms - 4408[0m
[0mGET /assets/bootstrap/css/bootstrap.min.css.map [33m404[0m 6.369 ms - 181[0m
[0mGET /assets/bootstrap/css/bootstrap.min.css.map [33m404[0m 4.114 ms - 181[0m
[0mGET /assets/bootstrap/css/bootstrap.min.css.map [33m404[0m 2.622 ms - 181[0m
[0mGET /assets/bootstrap/css/bootstrap.min.css.map [33m404[0m 2.514 ms - 181[0m
[0mPOST / [36m302[0m 111.207 ms - 84[0m
[0mGET /admission/admission [36m304[0m 12.553 ms - -[0m
[0mGET /assets/bootstrap/css/bootstrap.min.css.map [33m404[0m 7.921 ms - 181[0m
[0mGET /admission/assets/dist/img/basketball-jersey.png [33m404[0m 6.425 ms - 186[0m
[0mGET /admission/assets/dist/img/shirt.png [33m404[0m 8.928 ms - 174[0m
[0mGET /admission/assets/dist/img/football.png [33m404[0m 3.313 ms - 177[0m
[0mGET /assets/bootstrap/css/bootstrap.min.css.map [33m404[0m 4.296 ms - 181[0m
[0mGET /admission/assets/dist/img/shoe.png [33m404[0m 21.663 ms - 173[0m
[0mGET /admission/assets/dist/img/avatar2.png [33m404[0m 51.670 ms - 176[0m
[0mGET /admission/assets/dist/img/avatar3.png [33m404[0m 52.205 ms - 176[0m
[0mGET /admission/assets/dist/img/avatar.png [33m404[0m 38.915 ms - 175[0m
[0mGET /admission/assets/dist/img/avatar5.png [33m404[0m 54.190 ms - 176[0m
[0mGET /admission/assets/dist/img/avatar4.png [33m404[0m 60.004 ms - 176[0m
[0mGET /assets/bootstrap/css/bootstrap.min.css.map [33m404[0m 16.938 ms - 181[0m
[0mGET /assets/dist/js/toastr.js.map [33m404[0m 3.922 ms - 167[0m
[0mGET /assets/plugins/dataTables/pdfmake.min.js.map [33m404[0m 4.303 ms - 183[0m
[0mGET /admission/admission [36m304[0m 31.746 ms - -[0m
[0mGET /admission/assets/dist/img/basketball-jersey.png [33m404[0m 13.560 ms - 186[0m
[0mGET /admission/assets/dist/img/shirt.png [33m404[0m 24.958 ms - 174[0m
[0mGET /admission/assets/dist/img/football.png [33m404[0m 12.418 ms - 177[0m
[0mGET /admission/assets/dist/img/shoe.png [33m404[0m 17.113 ms - 173[0m
[0mGET /assets/bootstrap/css/bootstrap.min.css.map [33m404[0m 31.938 ms - 181[0m
[0mGET /admission/assets/dist/img/avatar3.png [33m404[0m 38.475 ms - 176[0m
[0mGET /admission/assets/dist/img/avatar2.png [33m404[0m 32.169 ms - 176[0m
[0mGET /admission/assets/dist/img/avatar.png [33m404[0m 30.220 ms - 175[0m
[0mGET /admission/assets/dist/img/avatar4.png [33m404[0m 18.334 ms - 176[0m
[0mGET /assets/bootstrap/css/bootstrap.min.css.map [33m404[0m 28.596 ms - 181[0m
[0mGET /admission/assets/dist/img/avatar5.png [33m404[0m 30.981 ms - 176[0m
[0mGET /assets/bootstrap/css/bootstrap.min.css.map [33m404[0m 5.908 ms - 181[0m
[0mGET /assets/dist/js/toastr.js.map [33m404[0m 4.791 ms - 167[0m
[0mGET /assets/plugins/dataTables/pdfmake.min.js.map [33m404[0m 5.152 ms - 183[0m
[0mGET /admission/admission [36m304[0m 31.757 ms - -[0m
[0mGET /admission/assets/dist/img/basketball-jersey.png [33m404[0m 20.035 ms - 186[0m
[0mGET /admission/assets/dist/img/shirt.png [33m404[0m 30.231 ms - 174[0m
[0mGET /admission/assets/dist/img/football.png [33m404[0m 14.679 ms - 177[0m
[0mGET /admission/assets/dist/img/avatar3.png [33m404[0m 37.347 ms - 176[0m
[0mGET /admission/assets/dist/img/avatar2.png [33m404[0m 37.913 ms - 176[0m
[0mGET /admission/assets/dist/img/avatar.png [33m404[0m 41.175 ms - 175[0m
[0mGET /admission/assets/dist/img/shoe.png [33m404[0m 42.895 ms - 173[0m
[0mGET /admission/assets/dist/img/avatar4.png [33m404[0m 35.448 ms - 176[0m
[0mGET /admission/assets/dist/img/avatar5.png [33m404[0m 44.476 ms - 176[0m
[0mGET /assets/bootstrap/css/bootstrap.min.css.map [33m404[0m 12.085 ms - 181[0m
[0mGET /assets/dist/js/toastr.js.map [33m404[0m 12.583 ms - 167[0m
[0mGET /assets/bootstrap/css/bootstrap.min.css.map [33m404[0m 13.302 ms - 181[0m
[0mGET /assets/plugins/dataTables/pdfmake.min.js.map [33m404[0m 12.400 ms - 183[0m
[0mGET /assets/bootstrap/css/bootstrap.min.css.map [33m404[0m 4.129 ms - 181[0m
[0mGET /admission/admission [36m304[0m 38.469 ms - -[0m
[0mGET /admission/assets/dist/img/basketball-jersey.png [33m404[0m 20.167 ms - 186[0m
[0mGET /admission/assets/dist/img/shirt.png [33m404[0m 28.125 ms - 174[0m
[0mGET /admission/assets/dist/img/football.png [33m404[0m 16.801 ms - 177[0m
[0mGET /assets/bootstrap/css/bootstrap.min.css.map [33m404[0m 17.841 ms - 181[0m
[0mGET /assets/bootstrap/css/bootstrap.min.css.map [33m404[0m 15.323 ms - 181[0m
[0mGET /admission/assets/dist/img/shoe.png [33m404[0m 19.571 ms - 173[0m
[0mGET /admission/assets/dist/img/avatar.png [33m404[0m 27.176 ms - 175[0m
[0mGET /admission/assets/dist/img/avatar5.png [33m404[0m 23.851 ms - 176[0m
[0mGET /admission/assets/dist/img/avatar4.png [33m404[0m 33.489 ms - 176[0m
[0mGET /admission/assets/dist/img/avatar2.png [33m404[0m 27.295 ms - 176[0m
[0mGET /admission/assets/dist/img/avatar3.png [33m404[0m 31.007 ms - 176[0m
[0mGET /assets/dist/js/toastr.js.map [33m404[0m 6.767 ms - 167[0m
[0mGET /assets/plugins/dataTables/pdfmake.min.js.map [33m404[0m 4.682 ms - 183[0m
[0mGET /admission/admission [36m304[0m 65.536 ms - -[0m
[0mGET /admission/assets/dist/img/basketball-jersey.png [33m404[0m 22.961 ms - 186[0m
[0mGET /admission/assets/dist/img/shirt.png [33m404[0m 34.336 ms - 174[0m
[0mGET /admission/assets/dist/img/football.png [33m404[0m 17.142 ms - 177[0m
[0mGET /admission/assets/dist/img/avatar2.png [33m404[0m 40.923 ms - 176[0m
[0mGET /admission/assets/dist/img/shoe.png [33m404[0m 36.262 ms - 173[0m
[0mGET /admission/assets/dist/img/avatar.png [33m404[0m 41.173 ms - 175[0m
[0mGET /admission/assets/dist/img/avatar3.png [33m404[0m 33.766 ms - 176[0m
[0mGET /admission/assets/dist/img/avatar4.png [33m404[0m 45.961 ms - 176[0m
[0mGET /admission/assets/dist/img/avatar5.png [33m404[0m 37.193 ms - 176[0m
[0mGET /assets/bootstrap/css/bootstrap.min.css.map [33m404[0m 7.788 ms - 181[0m
[0mGET /assets/bootstrap/css/bootstrap.min.css.map [33m404[0m 11.641 ms - 181[0m
[0mGET /assets/dist/js/toastr.js.map [33m404[0m 14.656 ms - 167[0m
[0mGET /assets/bootstrap/css/bootstrap.min.css.map [33m404[0m 9.707 ms - 181[0m
[0mGET /assets/plugins/dataTables/pdfmake.min.js.map [33m404[0m 8.581 ms - 183[0m
[0mGET /admission/admission [32m200[0m 31.979 ms - 65083[0m
[0mGET /admission/assets/dist/img/basketball-jersey.png [33m404[0m 27.215 ms - 186[0m
[0mGET /admission/assets/dist/img/shirt.png [33m404[0m 33.325 ms - 174[0m
[0mGET /admission/assets/dist/img/football.png [33m404[0m 14.877 ms - 177[0m
[0mGET /assets/bootstrap/css/bootstrap.min.css.map [33m404[0m 18.166 ms - 181[0m
[0mGET /admission/assets/dist/img/avatar.png [33m404[0m 25.719 ms - 175[0m
[0mGET /admission/assets/dist/img/avatar3.png [33m404[0m 31.545 ms - 176[0m
[0mGET /admission/assets/dist/img/shoe.png [33m404[0m 39.091 ms - 173[0m
[0mGET /assets/bootstrap/css/bootstrap.min.css.map [33m404[0m 31.101 ms - 181[0m
[0mGET /admission/assets/dist/img/avatar2.png [33m404[0m 40.699 ms - 176[0m
[0mGET /admission/assets/dist/img/avatar4.png [33m404[0m 26.939 ms - 176[0m
[0mGET /admission/assets/dist/img/avatar5.png [33m404[0m 22.185 ms - 176[0m
[0mGET /assets/dist/js/toastr.js.map [33m404[0m 21.571 ms - 167[0m
[0mGET /assets/plugins/dataTables/pdfmake.min.js.map [33m404[0m 23.938 ms - 183[0m
[0mGET /assets/bootstrap/css/bootstrap.min.css.map [33m404[0m 23.022 ms - 181[0m
[0mPOST /admission/get-admission [32m200[0m 26.351 ms - 1029[0m
[0mGET /admission/admission [32m200[0m 34.106 ms - 65097[0m
[0mGET /admission/assets/dist/img/basketball-jersey.png [33m404[0m 14.903 ms - 186[0m
[0mGET /admission/assets/dist/img/shirt.png [33m404[0m 23.978 ms - 174[0m
[0mGET /admission/assets/dist/img/football.png [33m404[0m 19.999 ms - 177[0m
[0mGET /assets/bootstrap/css/bootstrap.min.css.map [33m404[0m 12.766 ms - 181[0m
[0mGET /admission/assets/dist/img/avatar2.png [33m404[0m 23.647 ms - 176[0m
[0mGET /admission/assets/dist/img/avatar.png [33m404[0m 28.077 ms - 175[0m
[0mGET /admission/assets/dist/img/shoe.png [33m404[0m 21.767 ms - 173[0m
[0mGET /assets/bootstrap/css/bootstrap.min.css.map [33m404[0m 22.960 ms - 181[0m
[0mGET /admission/assets/dist/img/avatar4.png [33m404[0m 33.239 ms - 176[0m
[0mGET /admission/assets/dist/img/avatar3.png [33m404[0m 28.899 ms - 176[0m
[0mGET /admission/assets/dist/img/avatar5.png [33m404[0m 15.040 ms - 176[0m
[0mGET /assets/dist/js/toastr.js.map [33m404[0m 15.509 ms - 167[0m
[0mGET /assets/bootstrap/css/bootstrap.min.css.map [33m404[0m 16.212 ms - 181[0m
[0mGET /assets/plugins/dataTables/pdfmake.min.js.map [33m404[0m 18.713 ms - 183[0m
[0mPOST /admission/get-admission [32m200[0m 20.714 ms - 1029[0m
[0mGET /admission/admission [32m200[0m 28.045 ms - 65097[0m
[0mGET /admission/assets/dist/img/basketball-jersey.png [33m404[0m 9.014 ms - 186[0m
[0mGET /admission/assets/dist/img/shirt.png [33m404[0m 12.145 ms - 174[0m
[0mGET /admission/assets/dist/img/football.png [33m404[0m 15.010 ms - 177[0m
[0mGET /assets/bootstrap/css/bootstrap.min.css.map [33m404[0m 23.773 ms - 181[0m
[0mGET /admission/assets/dist/img/shoe.png [33m404[0m 22.866 ms - 173[0m
[0mGET /admission/assets/dist/img/avatar.png [33m404[0m 21.635 ms - 175[0m
[0mGET /admission/assets/dist/img/avatar2.png [33m404[0m 31.870 ms - 176[0m
[0mGET /admission/assets/dist/img/avatar3.png [33m404[0m 32.883 ms - 176[0m
[0mGET /admission/assets/dist/img/avatar4.png [33m404[0m 26.323 ms - 176[0m
[0mGET /assets/bootstrap/css/bootstrap.min.css.map [33m404[0m 13.410 ms - 181[0m
[0mGET /admission/assets/dist/img/avatar5.png [33m404[0m 15.925 ms - 176[0m
[0mGET /assets/dist/js/toastr.js.map [33m404[0m 14.926 ms - 167[0m
[0mGET /assets/plugins/dataTables/pdfmake.min.js.map [33m404[0m 13.189 ms - 183[0m
[0mGET /assets/bootstrap/css/bootstrap.min.css.map [33m404[0m 12.041 ms - 181[0m
[0mPOST /admission/get-admission [32m200[0m 12.069 ms - 1029[0m
[0mGET /admission/admission [32m200[0m 30.070 ms - 65115[0m
[0mGET /admission/assets/dist/img/basketball-jersey.png [33m404[0m 14.137 ms - 186[0m
[0mGET /admission/assets/dist/img/shirt.png [33m404[0m 21.787 ms - 174[0m
[0mGET /admission/assets/dist/img/football.png [33m404[0m 14.327 ms - 177[0m
[0mGET /assets/bootstrap/css/bootstrap.min.css.map [33m404[0m 13.568 ms - 181[0m
[0mGET /admission/assets/dist/img/avatar2.png [33m404[0m 28.197 ms - 176[0m
[0mGET /admission/assets/dist/img/avatar.png [33m404[0m 24.479 ms - 175[0m
[0mGET /admission/assets/dist/img/shoe.png [33m404[0m 24.660 ms - 173[0m
[0mGET /admission/assets/dist/img/avatar3.png [33m404[0m 36.130 ms - 176[0m
[0mGET /admission/assets/dist/img/avatar4.png [33m404[0m 32.278 ms - 176[0m
[0mGET /assets/bootstrap/css/bootstrap.min.css.map [33m404[0m 44.786 ms - 181[0m
[0mGET /admission/assets/dist/img/avatar5.png [33m404[0m 15.187 ms - 176[0m
[0mGET /assets/bootstrap/css/bootstrap.min.css.map [33m404[0m 7.943 ms - 181[0m
[0mGET /assets/dist/js/toastr.js.map [33m404[0m 5.394 ms - 167[0m
[0mGET /assets/plugins/dataTables/pdfmake.min.js.map [33m404[0m 7.278 ms - 183[0m
[0mPOST /admission/get-admission [32m200[0m 22.224 ms - 1065[0m
[0mGET /admission/admission [32m200[0m 42.495 ms - 65759[0m
[0mGET /admission/assets/dist/img/basketball-jersey.png [33m404[0m 23.358 ms - 186[0m
[0mGET /admission/assets/dist/img/shirt.png [33m404[0m 32.451 ms - 174[0m
[0mGET /admission/assets/dist/img/football.png [33m404[0m 15.459 ms - 177[0m
[0mGET /assets/bootstrap/css/bootstrap.min.css.map [33m404[0m 17.541 ms - 181[0m
[0mGET /assets/bootstrap/css/bootstrap.min.css.map [33m404[0m 31.630 ms - 181[0m
[0mGET /admission/assets/dist/img/avatar2.png [33m404[0m 24.336 ms - 176[0m
[0mGET /admission/assets/dist/img/avatar.png [33m404[0m 25.233 ms - 175[0m
[0mGET /admission/assets/dist/img/shoe.png [33m404[0m 27.580 ms - 173[0m
[0mGET /admission/assets/dist/img/avatar3.png [33m404[0m 30.284 ms - 176[0m
[0mGET /admission/assets/dist/img/avatar4.png [33m404[0m 21.389 ms - 176[0m
[0mGET /admission/assets/dist/img/avatar5.png [33m404[0m 10.884 ms - 176[0m
[0mGET /assets/bootstrap/css/bootstrap.min.css.map [33m404[0m 12.364 ms - 181[0m
[0mGET /assets/dist/js/toastr.js.map [33m404[0m 13.384 ms - 167[0m
[0mGET /assets/plugins/dataTables/pdfmake.min.js.map [33m404[0m 6.622 ms - 183[0m
[0mGET /admission/admission [32m200[0m 37.300 ms - 65097[0m
[0mGET /admission/assets/dist/img/basketball-jersey.png [33m404[0m 20.111 ms - 186[0m
[0mGET /admission/assets/dist/img/shirt.png [33m404[0m 33.205 ms - 174[0m
[0mGET /admission/assets/dist/img/football.png [33m404[0m 15.561 ms - 177[0m
[0mGET /assets/bootstrap/css/bootstrap.min.css.map [33m404[0m 11.085 ms - 181[0m
[0mGET /assets/bootstrap/css/bootstrap.min.css.map [33m404[0m 29.902 ms - 181[0m
[0mGET /admission/assets/dist/img/avatar2.png [33m404[0m 27.942 ms - 176[0m
[0mGET /admission/assets/dist/img/avatar.png [33m404[0m 30.195 ms - 175[0m
[0mGET /admission/assets/dist/img/shoe.png [33m404[0m 32.557 ms - 173[0m
[0mGET /admission/assets/dist/img/avatar4.png [33m404[0m 20.997 ms - 176[0m
[0mGET /admission/assets/dist/img/avatar3.png [33m404[0m 31.283 ms - 176[0m
[0mGET /admission/assets/dist/img/avatar5.png [33m404[0m 7.806 ms - 176[0m
[0mGET /assets/bootstrap/css/bootstrap.min.css.map [33m404[0m 7.444 ms - 181[0m
[0mGET /assets/dist/js/toastr.js.map [33m404[0m 4.554 ms - 167[0m
[0mGET /assets/plugins/dataTables/pdfmake.min.js.map [33m404[0m 4.975 ms - 183[0m
[0mPOST /admission/get-admission [32m200[0m 31.774 ms - 1029[0m
